=== ABFT GEMM (cuBLAS, online pipelined) ===
Mode           : online  (inject=none)
M x K x N      : 8192 x 4096 x 2048
Process grid   : 1 x 1  (world=1)
Frags per rank : 8
Repeats        : 3
Samples        : 5
Threshold      : 1 (override)
GPUs visible   : 1

[Rank 0] 5 timed trials × 3 iters/trial

========== EXPERIMENT METRICS (global) ==========
Mode              : online / inject=none
M x K x N         : 8192 x 4096 x 2048
Process grid      : 1 x 1
Frags per rank    : 8
Total fragments   : 8
Repeats           : 3
Threshold used    : 1.0000
--- Timing (worst rank) ---
Baseline   min/med/max : 9.1940 / 9.2658 / 9.2987  ms
Baseline   GFLOPS (med): 14832.8852  (min 14780.4736, max 14948.7480)
Protected  min/med/max : 9.3408 / 9.5161 / 9.6038  ms
Protected  GFLOPS (med): 14442.7213  (min 14310.8755, max 14713.8106)
Overhead (median)      : 2.7015 %
--- Confusion Matrix (global) ---
TP / TN / FP / FN     : 0 / 120 / 0 / 0
Recall                : 0.0000
Detection precision   : 0.0000
Correction precision  : 0.0000 %
==================================================

